<?xml version="1.0" encoding="UTF-8"?>
<!-- Generated by org.testng.reporters.JUnitXMLReporter -->
<testsuite ignored="0" hostname="DESKTOP-CKQKV88" failures="2" tests="3" name="Test" time="136.595" errors="0" timestamp="30 Dec 2020 12:09:30 GMT">
  <testcase classname="org.execution.Execution1" name="tc1" time="0.108">
    <failure type="java.lang.AssertionError" message="expected [Celina] but found [grace]">
      <![CDATA[java.lang.AssertionError: expected [Celina] but found [grace]
at org.execution.Execution1.tc1(Execution1.java:25)
... Removed 31 stack frames]]>
    </failure>
  </testcase> <!-- tc1 -->
  <testcase classname="org.execution.Execution1" name="tc1" time="0.077">
    <failure type="java.lang.AssertionError" message="expected [Celina] but found [celina]">
      <![CDATA[java.lang.AssertionError: expected [Celina] but found [celina]
at org.execution.Execution1.tc1(Execution1.java:25)
... Removed 31 stack frames]]>
    </failure>
  </testcase> <!-- tc1 -->
  <testcase classname="org.execution.Execution1" name="tc4" time="0.005"/>
</testsuite> <!-- Test -->
